#
# There is insufficient memory for the Java Runtime Environment to continue.
# Native memory allocation (malloc) failed to allocate 71136 bytes. Error detail: Chunk::new
# Possible reasons:
#   The system is out of physical RAM or swap space
#   This process is running with CompressedOops enabled, and the Java Heap may be blocking the growth of the native heap
# Possible solutions:
#   Reduce memory load on the system
#   Increase physical memory or swap space
#   Check if swap backing store is full
#   Decrease Java heap size (-Xmx/-Xms)
#   Decrease number of Java threads
#   Decrease Java thread stack sizes (-Xss)
#   Set larger code cache with -XX:ReservedCodeCacheSize=
#   JVM is running with Unscaled Compressed Oops mode in which the Java heap is
#     placed in the first 4GB address space. The Java Heap base address is the
#     maximum limit for the native heap growth. Please use -XX:HeapBaseMinAddress
#     to set the Java Heap base and to place the Java Heap above 4GB virtual address.
# This output file may be truncated or incomplete.
#
#  Out of Memory Error (arena.cpp:168), pid=7988, tid=10000
#
# JRE version: OpenJDK Runtime Environment JBR-21.0.5+8-631.30-jcef (21.0.5+8) (build 21.0.5+8-b631.30)
# Java VM: OpenJDK 64-Bit Server VM JBR-21.0.5+8-631.30-jcef (21.0.5+8-b631.30, mixed mode, sharing, tiered, compressed oops, compressed class ptrs, g1 gc, windows-amd64)
# Core dump will be written. Default location: C:\Users\Administrator\PycharmProjects\bootcamp16_11_2024\hs_err_pid7988.mdmp
#

---------------  S U M M A R Y ------------

Command Line: git4idea.http.GitAskPassApp Password for 'https://rajkonkret@github.com': 

Host: Intel Core Processor (Haswell, no TSX), 4 cores, 7G,  Windows Server 2022 , 64 bit Build 20348 (10.0.20348.2849)
Time: Sun Mar  9 11:49:05 2025 Central European Standard Time elapsed time: 0.464438 seconds (0d 0h 0m 0s)

---------------  T H R E A D  ---------------

Current thread (0x000001dba5a1b250):  JavaThread "C2 CompilerThread0" daemon [_thread_in_native, id=10000, stack(0x0000009e21700000,0x0000009e21800000) (1024K)]


Current CompileTask:
C2:464  290       4       java.lang.StringLatin1::toUpperCase (186 bytes)

Stack: [0x0000009e21700000,0x0000009e21800000]
Native frames: (J=compiled Java code, j=interpreted, Vv=VM code, C=native code)
V  [jvm.dll+0x6e52b9]
V  [jvm.dll+0x8c3633]
V  [jvm.dll+0x8c5b8e]
V  [jvm.dll+0x8c6273]
V  [jvm.dll+0x288f46]
V  [jvm.dll+0xc66dd]
V  [jvm.dll+0xc6c13]
V  [jvm.dll+0x2feb50]
V  [jvm.dll+0x60c609]
V  [jvm.dll+0x2598a2]
V  [jvm.dll+0x25215a]
V  [jvm.dll+0x24fc6e]
V  [jvm.dll+0x1cd6a4]
V  [jvm.dll+0x25f5dc]
V  [jvm.dll+0x25db26]
V  [jvm.dll+0x3ff5e6]
V  [jvm.dll+0x86b248]
V  [jvm.dll+0x6e3abd]
C  [ucrtbase.dll+0x26b4c]
C  [KERNEL32.DLL+0x14cb0]
C  [ntdll.dll+0x7edcb]


---------------  P R O C E S S  ---------------

Threads class SMR info:
_java_thread_list=0x000001dbeb0c4150, length=11, elements={
0x000001db8bf43450, 0x000001dba5a11330, 0x000001dba5a14050, 0x000001dba5a175d0,
0x000001dba5a18020, 0x000001dba5a18a70, 0x000001dba5a1a4d0, 0x000001dba5a1b250,
0x000001dba5a22390, 0x000001dbeb0e0a10, 0x000001dbeb0e7250
}

Java Threads: ( => current thread )
  0x000001db8bf43450 JavaThread "main"                              [_thread_in_vm, id=12128, stack(0x0000009e20900000,0x0000009e20a00000) (1024K)]
  0x000001dba5a11330 JavaThread "Reference Handler"          daemon [_thread_blocked, id=11748, stack(0x0000009e21100000,0x0000009e21200000) (1024K)]
  0x000001dba5a14050 JavaThread "Finalizer"                  daemon [_thread_blocked, id=14228, stack(0x0000009e21200000,0x0000009e21300000) (1024K)]
  0x000001dba5a175d0 JavaThread "Signal Dispatcher"          daemon [_thread_blocked, id=14712, stack(0x0000009e21300000,0x0000009e21400000) (1024K)]
  0x000001dba5a18020 JavaThread "Attach Listener"            daemon [_thread_blocked, id=13952, stack(0x0000009e21400000,0x0000009e21500000) (1024K)]
  0x000001dba5a18a70 JavaThread "Service Thread"             daemon [_thread_blocked, id=868, stack(0x0000009e21500000,0x0000009e21600000) (1024K)]
  0x000001dba5a1a4d0 JavaThread "Monitor Deflation Thread"   daemon [_thread_blocked, id=7364, stack(0x0000009e21600000,0x0000009e21700000) (1024K)]
=>0x000001dba5a1b250 JavaThread "C2 CompilerThread0"         daemon [_thread_in_native, id=10000, stack(0x0000009e21700000,0x0000009e21800000) (1024K)]
  0x000001dba5a22390 JavaThread "C1 CompilerThread0"         daemon [_thread_blocked, id=8396, stack(0x0000009e21800000,0x0000009e21900000) (1024K)]
  0x000001dbeb0e0a10 JavaThread "Notification Thread"        daemon [_thread_blocked, id=11480, stack(0x0000009e21900000,0x0000009e21a00000) (1024K)]
  0x000001dbeb0e7250 JavaThread "Common-Cleaner"             daemon [_thread_blocked, id=7348, stack(0x0000009e21a00000,0x0000009e21b00000) (1024K)]
Total: 11

Other Threads:
  0x000001dba59f1680 VMThread "VM Thread"                           [id=10520, stack(0x0000009e21000000,0x0000009e21100000) (1024K)]
  0x000001dba59dea80 WatcherThread "VM Periodic Task Thread"        [id=7276, stack(0x0000009e20f00000,0x0000009e21000000) (1024K)]
  0x000001db8bf93a40 WorkerThread "GC Thread#0"                     [id=14420, stack(0x0000009e20a00000,0x0000009e20b00000) (1024K)]
  0x000001db8bfa4420 ConcurrentGCThread "G1 Main Marker"            [id=10380, stack(0x0000009e20b00000,0x0000009e20c00000) (1024K)]
  0x000001db8bfa50d0 WorkerThread "G1 Conc#0"                       [id=13368, stack(0x0000009e20c00000,0x0000009e20d00000) (1024K)]
  0x000001dba58b20c0 ConcurrentGCThread "G1 Refine#0"               [id=10352, stack(0x0000009e20d00000,0x0000009e20e00000) (1024K)]
  0x000001db8c00c440 ConcurrentGCThread "G1 Service"                [id=2084, stack(0x0000009e20e00000,0x0000009e20f00000) (1024K)]
Total: 7

Threads with active compile tasks:
C2 CompilerThread0  500  290       4       java.lang.StringLatin1::toUpperCase (186 bytes)
Total: 1

VM state: not at safepoint (normal execution)

VM Mutex/Monitor currently owned by a thread: None

Heap address: 0x0000000083000000, size: 2000 MB, Compressed Oops mode: 32-bit

CDS archive(s) mapped at: [0x000001dba6000000-0x000001dba6d00000-0x000001dba6d00000), size 13631488, SharedBaseAddress: 0x000001dba6000000, ArchiveRelocationMode: 1.
Compressed class space mapped at: 0x000001dba7000000-0x000001dbe7000000, reserved size: 1073741824
Narrow klass base: 0x000001dba6000000, Narrow klass shift: 0, Narrow klass range: 0x100000000

GC Precious Log:
 CardTable entry size: 512
 Card Set container configuration: InlinePtr #cards 5 size 8 Array Of Cards #cards 12 size 40 Howl #buckets 4 coarsen threshold 1843 Howl Bitmap #cards 512 size 80 coarsen threshold 460 Card regions per heap region 1 cards per card region 2048
 CPUs: 4 total, 4 available
 Memory: 7999M
 Large Page Support: Disabled
 NUMA Support: Disabled
 Compressed Oops: Enabled (32-bit)
 Heap Region Size: 1M
 Heap Min Capacity: 8M
 Heap Initial Capacity: 126M
 Heap Max Capacity: 2000M
 Pre-touch: Disabled
 Parallel Workers: 4
 Concurrent Workers: 1
 Concurrent Refinement Workers: 4
 Periodic GC: Disabled

Heap:
 garbage-first heap   total 129024K, used 3072K [0x0000000083000000, 0x0000000100000000)
  region size 1024K, 4 young (4096K), 0 survivors (0K)
 Metaspace       used 2401K, committed 2560K, reserved 1114112K
  class space    used 256K, committed 320K, reserved 1048576K

Heap Regions: E=young(eden), S=young(survivor), O=old, HS=humongous(starts), HC=humongous(continues), CS=collection set, F=free, TAMS=top-at-mark-start, PB=parsable bottom
|   0|0x0000000083000000, 0x0000000083000000, 0x0000000083100000|  0%| F|  |TAMS 0x0000000083000000| PB 0x0000000083000000| Untracked 
|   1|0x0000000083100000, 0x0000000083100000, 0x0000000083200000|  0%| F|  |TAMS 0x0000000083100000| PB 0x0000000083100000| Untracked 
|   2|0x0000000083200000, 0x0000000083200000, 0x0000000083300000|  0%| F|  |TAMS 0x0000000083200000| PB 0x0000000083200000| Untracked 
|   3|0x0000000083300000, 0x0000000083300000, 0x0000000083400000|  0%| F|  |TAMS 0x0000000083300000| PB 0x0000000083300000| Untracked 
|   4|0x0000000083400000, 0x0000000083400000, 0x0000000083500000|  0%| F|  |TAMS 0x0000000083400000| PB 0x0000000083400000| Untracked 
|   5|0x0000000083500000, 0x0000000083500000, 0x0000000083600000|  0%| F|  |TAMS 0x0000000083500000| PB 0x0000000083500000| Untracked 
|   6|0x0000000083600000, 0x0000000083600000, 0x0000000083700000|  0%| F|  |TAMS 0x0000000083600000| PB 0x0000000083600000| Untracked 
|   7|0x0000000083700000, 0x0000000083700000, 0x0000000083800000|  0%| F|  |TAMS 0x0000000083700000| PB 0x0000000083700000| Untracked 
|   8|0x0000000083800000, 0x0000000083800000, 0x0000000083900000|  0%| F|  |TAMS 0x0000000083800000| PB 0x0000000083800000| Untracked 
|   9|0x0000000083900000, 0x0000000083900000, 0x0000000083a00000|  0%| F|  |TAMS 0x0000000083900000| PB 0x0000000083900000| Untracked 
|  10|0x0000000083a00000, 0x0000000083a00000, 0x0000000083b00000|  0%| F|  |TAMS 0x0000000083a00000| PB 0x0000000083a00000| Untracked 
|  11|0x0000000083b00000, 0x0000000083b00000, 0x0000000083c00000|  0%| F|  |TAMS 0x0000000083b00000| PB 0x0000000083b00000| Untracked 
|  12|0x0000000083c00000, 0x0000000083c00000, 0x0000000083d00000|  0%| F|  |TAMS 0x0000000083c00000| PB 0x0000000083c00000| Untracked 
|  13|0x0000000083d00000, 0x0000000083d00000, 0x0000000083e00000|  0%| F|  |TAMS 0x0000000083d00000| PB 0x0000000083d00000| Untracked 
|  14|0x0000000083e00000, 0x0000000083e00000, 0x0000000083f00000|  0%| F|  |TAMS 0x0000000083e00000| PB 0x0000000083e00000| Untracked 
|  15|0x0000000083f00000, 0x0000000083f00000, 0x0000000084000000|  0%| F|  |TAMS 0x0000000083f00000| PB 0x0000000083f00000| Untracked 
|  16|0x0000000084000000, 0x0000000084000000, 0x0000000084100000|  0%| F|  |TAMS 0x0000000084000000| PB 0x0000000084000000| Untracked 
|  17|0x0000000084100000, 0x0000000084100000, 0x0000000084200000|  0%| F|  |TAMS 0x0000000084100000| PB 0x0000000084100000| Untracked 
|  18|0x0000000084200000, 0x0000000084200000, 0x0000000084300000|  0%| F|  |TAMS 0x0000000084200000| PB 0x0000000084200000| Untracked 
|  19|0x0000000084300000, 0x0000000084300000, 0x0000000084400000|  0%| F|  |TAMS 0x0000000084300000| PB 0x0000000084300000| Untracked 
|  20|0x0000000084400000, 0x0000000084400000, 0x0000000084500000|  0%| F|  |TAMS 0x0000000084400000| PB 0x0000000084400000| Untracked 
|  21|0x0000000084500000, 0x0000000084500000, 0x0000000084600000|  0%| F|  |TAMS 0x0000000084500000| PB 0x0000000084500000| Untracked 
|  22|0x0000000084600000, 0x0000000084600000, 0x0000000084700000|  0%| F|  |TAMS 0x0000000084600000| PB 0x0000000084600000| Untracked 
|  23|0x0000000084700000, 0x0000000084700000, 0x0000000084800000|  0%| F|  |TAMS 0x0000000084700000| PB 0x0000000084700000| Untracked 
|  24|0x0000000084800000, 0x0000000084800000, 0x0000000084900000|  0%| F|  |TAMS 0x0000000084800000| PB 0x0000000084800000| Untracked 
|  25|0x0000000084900000, 0x0000000084900000, 0x0000000084a00000|  0%| F|  |TAMS 0x0000000084900000| PB 0x0000000084900000| Untracked 
|  26|0x0000000084a00000, 0x0000000084a00000, 0x0000000084b00000|  0%| F|  |TAMS 0x0000000084a00000| PB 0x0000000084a00000| Untracked 
|  27|0x0000000084b00000, 0x0000000084b00000, 0x0000000084c00000|  0%| F|  |TAMS 0x0000000084b00000| PB 0x0000000084b00000| Untracked 
|  28|0x0000000084c00000, 0x0000000084c00000, 0x0000000084d00000|  0%| F|  |TAMS 0x0000000084c00000| PB 0x0000000084c00000| Untracked 
|  29|0x0000000084d00000, 0x0000000084d00000, 0x0000000084e00000|  0%| F|  |TAMS 0x0000000084d00000| PB 0x0000000084d00000| Untracked 
|  30|0x0000000084e00000, 0x0000000084e00000, 0x0000000084f00000|  0%| F|  |TAMS 0x0000000084e00000| PB 0x0000000084e00000| Untracked 
|  31|0x0000000084f00000, 0x0000000084f00000, 0x0000000085000000|  0%| F|  |TAMS 0x0000000084f00000| PB 0x0000000084f00000| Untracked 
|  32|0x0000000085000000, 0x0000000085000000, 0x0000000085100000|  0%| F|  |TAMS 0x0000000085000000| PB 0x0000000085000000| Untracked 
|  33|0x0000000085100000, 0x0000000085100000, 0x0000000085200000|  0%| F|  |TAMS 0x0000000085100000| PB 0x0000000085100000| Untracked 
|  34|0x0000000085200000, 0x0000000085200000, 0x0000000085300000|  0%| F|  |TAMS 0x0000000085200000| PB 0x0000000085200000| Untracked 
|  35|0x0000000085300000, 0x0000000085300000, 0x0000000085400000|  0%| F|  |TAMS 0x0000000085300000| PB 0x0000000085300000| Untracked 
|  36|0x0000000085400000, 0x0000000085400000, 0x0000000085500000|  0%| F|  |TAMS 0x0000000085400000| PB 0x0000000085400000| Untracked 
|  37|0x0000000085500000, 0x0000000085500000, 0x0000000085600000|  0%| F|  |TAMS 0x0000000085500000| PB 0x0000000085500000| Untracked 
|  38|0x0000000085600000, 0x0000000085600000, 0x0000000085700000|  0%| F|  |TAMS 0x0000000085600000| PB 0x0000000085600000| Untracked 
|  39|0x0000000085700000, 0x0000000085700000, 0x0000000085800000|  0%| F|  |TAMS 0x0000000085700000| PB 0x0000000085700000| Untracked 
|  40|0x0000000085800000, 0x0000000085800000, 0x0000000085900000|  0%| F|  |TAMS 0x0000000085800000| PB 0x0000000085800000| Untracked 
|  41|0x0000000085900000, 0x0000000085900000, 0x0000000085a00000|  0%| F|  |TAMS 0x0000000085900000| PB 0x0000000085900000| Untracked 
|  42|0x0000000085a00000, 0x0000000085a00000, 0x0000000085b00000|  0%| F|  |TAMS 0x0000000085a00000| PB 0x0000000085a00000| Untracked 
|  43|0x0000000085b00000, 0x0000000085b00000, 0x0000000085c00000|  0%| F|  |TAMS 0x0000000085b00000| PB 0x0000000085b00000| Untracked 
|  44|0x0000000085c00000, 0x0000000085c00000, 0x0000000085d00000|  0%| F|  |TAMS 0x0000000085c00000| PB 0x0000000085c00000| Untracked 
|  45|0x0000000085d00000, 0x0000000085d00000, 0x0000000085e00000|  0%| F|  |TAMS 0x0000000085d00000| PB 0x0000000085d00000| Untracked 
|  46|0x0000000085e00000, 0x0000000085e00000, 0x0000000085f00000|  0%| F|  |TAMS 0x0000000085e00000| PB 0x0000000085e00000| Untracked 
|  47|0x0000000085f00000, 0x0000000085f00000, 0x0000000086000000|  0%| F|  |TAMS 0x0000000085f00000| PB 0x0000000085f00000| Untracked 
|  48|0x0000000086000000, 0x0000000086000000, 0x0000000086100000|  0%| F|  |TAMS 0x0000000086000000| PB 0x0000000086000000| Untracked 
|  49|0x0000000086100000, 0x0000000086100000, 0x0000000086200000|  0%| F|  |TAMS 0x0000000086100000| PB 0x0000000086100000| Untracked 
|  50|0x0000000086200000, 0x0000000086200000, 0x0000000086300000|  0%| F|  |TAMS 0x0000000086200000| PB 0x0000000086200000| Untracked 
|  51|0x0000000086300000, 0x0000000086300000, 0x0000000086400000|  0%| F|  |TAMS 0x0000000086300000| PB 0x0000000086300000| Untracked 
|  52|0x0000000086400000, 0x0000000086400000, 0x0000000086500000|  0%| F|  |TAMS 0x0000000086400000| PB 0x0000000086400000| Untracked 
|  53|0x0000000086500000, 0x0000000086500000, 0x0000000086600000|  0%| F|  |TAMS 0x0000000086500000| PB 0x0000000086500000| Untracked 
|  54|0x0000000086600000, 0x0000000086600000, 0x0000000086700000|  0%| F|  |TAMS 0x0000000086600000| PB 0x0000000086600000| Untracked 
|  55|0x0000000086700000, 0x0000000086700000, 0x0000000086800000|  0%| F|  |TAMS 0x0000000086700000| PB 0x0000000086700000| Untracked 
|  56|0x0000000086800000, 0x0000000086800000, 0x0000000086900000|  0%| F|  |TAMS 0x0000000086800000| PB 0x0000000086800000| Untracked 
|  57|0x0000000086900000, 0x0000000086900000, 0x0000000086a00000|  0%| F|  |TAMS 0x0000000086900000| PB 0x0000000086900000| Untracked 
|  58|0x0000000086a00000, 0x0000000086a00000, 0x0000000086b00000|  0%| F|  |TAMS 0x0000000086a00000| PB 0x0000000086a00000| Untracked 
|  59|0x0000000086b00000, 0x0000000086b00000, 0x0000000086c00000|  0%| F|  |TAMS 0x0000000086b00000| PB 0x0000000086b00000| Untracked 
|  60|0x0000000086c00000, 0x0000000086c00000, 0x0000000086d00000|  0%| F|  |TAMS 0x0000000086c00000| PB 0x0000000086c00000| Untracked 
|  61|0x0000000086d00000, 0x0000000086d00000, 0x0000000086e00000|  0%| F|  |TAMS 0x0000000086d00000| PB 0x0000000086d00000| Untracked 
|  62|0x0000000086e00000, 0x0000000086e00000, 0x0000000086f00000|  0%| F|  |TAMS 0x0000000086e00000| PB 0x0000000086e00000| Untracked 
|  63|0x0000000086f00000, 0x0000000086f00000, 0x0000000087000000|  0%| F|  |TAMS 0x0000000086f00000| PB 0x0000000086f00000| Untracked 
|  64|0x0000000087000000, 0x0000000087000000, 0x0000000087100000|  0%| F|  |TAMS 0x0000000087000000| PB 0x0000000087000000| Untracked 
|  65|0x0000000087100000, 0x0000000087100000, 0x0000000087200000|  0%| F|  |TAMS 0x0000000087100000| PB 0x0000000087100000| Untracked 
|  66|0x0000000087200000, 0x0000000087200000, 0x0000000087300000|  0%| F|  |TAMS 0x0000000087200000| PB 0x0000000087200000| Untracked 
|  67|0x0000000087300000, 0x0000000087300000, 0x0000000087400000|  0%| F|  |TAMS 0x0000000087300000| PB 0x0000000087300000| Untracked 
|  68|0x0000000087400000, 0x0000000087400000, 0x0000000087500000|  0%| F|  |TAMS 0x0000000087400000| PB 0x0000000087400000| Untracked 
|  69|0x0000000087500000, 0x0000000087500000, 0x0000000087600000|  0%| F|  |TAMS 0x0000000087500000| PB 0x0000000087500000| Untracked 
|  70|0x0000000087600000, 0x0000000087600000, 0x0000000087700000|  0%| F|  |TAMS 0x0000000087600000| PB 0x0000000087600000| Untracked 
|  71|0x0000000087700000, 0x0000000087700000, 0x0000000087800000|  0%| F|  |TAMS 0x0000000087700000| PB 0x0000000087700000| Untracked 
|  72|0x0000000087800000, 0x0000000087800000, 0x0000000087900000|  0%| F|  |TAMS 0x0000000087800000| PB 0x0000000087800000| Untracked 
|  73|0x0000000087900000, 0x0000000087900000, 0x0000000087a00000|  0%| F|  |TAMS 0x0000000087900000| PB 0x0000000087900000| Untracked 
|  74|0x0000000087a00000, 0x0000000087a00000, 0x0000000087b00000|  0%| F|  |TAMS 0x0000000087a00000| PB 0x0000000087a00000| Untracked 
|  75|0x0000000087b00000, 0x0000000087b00000, 0x0000000087c00000|  0%| F|  |TAMS 0x0000000087b00000| PB 0x0000000087b00000| Untracked 
|  76|0x0000000087c00000, 0x0000000087c00000, 0x0000000087d00000|  0%| F|  |TAMS 0x0000000087c00000| PB 0x0000000087c00000| Untracked 
|  77|0x0000000087d00000, 0x0000000087d00000, 0x0000000087e00000|  0%| F|  |TAMS 0x0000000087d00000| PB 0x0000000087d00000| Untracked 
|  78|0x0000000087e00000, 0x0000000087e00000, 0x0000000087f00000|  0%| F|  |TAMS 0x0000000087e00000| PB 0x0000000087e00000| Untracked 
|  79|0x0000000087f00000, 0x0000000087f00000, 0x0000000088000000|  0%| F|  |TAMS 0x0000000087f00000| PB 0x0000000087f00000| Untracked 
|  80|0x0000000088000000, 0x0000000088000000, 0x0000000088100000|  0%| F|  |TAMS 0x0000000088000000| PB 0x0000000088000000| Untracked 
|  81|0x0000000088100000, 0x0000000088100000, 0x0000000088200000|  0%| F|  |TAMS 0x0000000088100000| PB 0x0000000088100000| Untracked 
|  82|0x0000000088200000, 0x0000000088200000, 0x0000000088300000|  0%| F|  |TAMS 0x0000000088200000| PB 0x0000000088200000| Untracked 
|  83|0x0000000088300000, 0x0000000088300000, 0x0000000088400000|  0%| F|  |TAMS 0x0000000088300000| PB 0x0000000088300000| Untracked 
|  84|0x0000000088400000, 0x0000000088400000, 0x0000000088500000|  0%| F|  |TAMS 0x0000000088400000| PB 0x0000000088400000| Untracked 
|  85|0x0000000088500000, 0x0000000088500000, 0x0000000088600000|  0%| F|  |TAMS 0x0000000088500000| PB 0x0000000088500000| Untracked 
|  86|0x0000000088600000, 0x0000000088600000, 0x0000000088700000|  0%| F|  |TAMS 0x0000000088600000| PB 0x0000000088600000| Untracked 
|  87|0x0000000088700000, 0x0000000088700000, 0x0000000088800000|  0%| F|  |TAMS 0x0000000088700000| PB 0x0000000088700000| Untracked 
|  88|0x0000000088800000, 0x0000000088800000, 0x0000000088900000|  0%| F|  |TAMS 0x0000000088800000| PB 0x0000000088800000| Untracked 
|  89|0x0000000088900000, 0x0000000088900000, 0x0000000088a00000|  0%| F|  |TAMS 0x0000000088900000| PB 0x0000000088900000| Untracked 
|  90|0x0000000088a00000, 0x0000000088a00000, 0x0000000088b00000|  0%| F|  |TAMS 0x0000000088a00000| PB 0x0000000088a00000| Untracked 
|  91|0x0000000088b00000, 0x0000000088b00000, 0x0000000088c00000|  0%| F|  |TAMS 0x0000000088b00000| PB 0x0000000088b00000| Untracked 
|  92|0x0000000088c00000, 0x0000000088c00000, 0x0000000088d00000|  0%| F|  |TAMS 0x0000000088c00000| PB 0x0000000088c00000| Untracked 
|  93|0x0000000088d00000, 0x0000000088d00000, 0x0000000088e00000|  0%| F|  |TAMS 0x0000000088d00000| PB 0x0000000088d00000| Untracked 
|  94|0x0000000088e00000, 0x0000000088e00000, 0x0000000088f00000|  0%| F|  |TAMS 0x0000000088e00000| PB 0x0000000088e00000| Untracked 
|  95|0x0000000088f00000, 0x0000000088f00000, 0x0000000089000000|  0%| F|  |TAMS 0x0000000088f00000| PB 0x0000000088f00000| Untracked 
|  96|0x0000000089000000, 0x0000000089000000, 0x0000000089100000|  0%| F|  |TAMS 0x0000000089000000| PB 0x0000000089000000| Untracked 
|  97|0x0000000089100000, 0x0000000089100000, 0x0000000089200000|  0%| F|  |TAMS 0x0000000089100000| PB 0x0000000089100000| Untracked 
|  98|0x0000000089200000, 0x0000000089200000, 0x0000000089300000|  0%| F|  |TAMS 0x0000000089200000| PB 0x0000000089200000| Untracked 
|  99|0x0000000089300000, 0x0000000089300000, 0x0000000089400000|  0%| F|  |TAMS 0x0000000089300000| PB 0x0000000089300000| Untracked 
| 100|0x0000000089400000, 0x0000000089400000, 0x0000000089500000|  0%| F|  |TAMS 0x0000000089400000| PB 0x0000000089400000| Untracked 
| 101|0x0000000089500000, 0x0000000089500000, 0x0000000089600000|  0%| F|  |TAMS 0x0000000089500000| PB 0x0000000089500000| Untracked 
| 102|0x0000000089600000, 0x0000000089600000, 0x0000000089700000|  0%| F|  |TAMS 0x0000000089600000| PB 0x0000000089600000| Untracked 
| 103|0x0000000089700000, 0x0000000089700000, 0x0000000089800000|  0%| F|  |TAMS 0x0000000089700000| PB 0x0000000089700000| Untracked 
| 104|0x0000000089800000, 0x0000000089800000, 0x0000000089900000|  0%| F|  |TAMS 0x0000000089800000| PB 0x0000000089800000| Untracked 
| 105|0x0000000089900000, 0x0000000089900000, 0x0000000089a00000|  0%| F|  |TAMS 0x0000000089900000| PB 0x0000000089900000| Untracked 
| 106|0x0000000089a00000, 0x0000000089a00000, 0x0000000089b00000|  0%| F|  |TAMS 0x0000000089a00000| PB 0x0000000089a00000| Untracked 
| 107|0x0000000089b00000, 0x0000000089b00000, 0x0000000089c00000|  0%| F|  |TAMS 0x0000000089b00000| PB 0x0000000089b00000| Untracked 
| 108|0x0000000089c00000, 0x0000000089c00000, 0x0000000089d00000|  0%| F|  |TAMS 0x0000000089c00000| PB 0x0000000089c00000| Untracked 
| 109|0x0000000089d00000, 0x0000000089d00000, 0x0000000089e00000|  0%| F|  |TAMS 0x0000000089d00000| PB 0x0000000089d00000| Untracked 
| 110|0x0000000089e00000, 0x0000000089e00000, 0x0000000089f00000|  0%| F|  |TAMS 0x0000000089e00000| PB 0x0000000089e00000| Untracked 
| 111|0x0000000089f00000, 0x0000000089f00000, 0x000000008a000000|  0%| F|  |TAMS 0x0000000089f00000| PB 0x0000000089f00000| Untracked 
| 112|0x000000008a000000, 0x000000008a000000, 0x000000008a100000|  0%| F|  |TAMS 0x000000008a000000| PB 0x000000008a000000| Untracked 
| 113|0x000000008a100000, 0x000000008a100000, 0x000000008a200000|  0%| F|  |TAMS 0x000000008a100000| PB 0x000000008a100000| Untracked 
| 114|0x000000008a200000, 0x000000008a200000, 0x000000008a300000|  0%| F|  |TAMS 0x000000008a200000| PB 0x000000008a200000| Untracked 
| 115|0x000000008a300000, 0x000000008a300000, 0x000000008a400000|  0%| F|  |TAMS 0x000000008a300000| PB 0x000000008a300000| Untracked 
| 116|0x000000008a400000, 0x000000008a400000, 0x000000008a500000|  0%| F|  |TAMS 0x000000008a400000| PB 0x000000008a400000| Untracked 
| 117|0x000000008a500000, 0x000000008a500000, 0x000000008a600000|  0%| F|  |TAMS 0x000000008a500000| PB 0x000000008a500000| Untracked 
| 118|0x000000008a600000, 0x000000008a600000, 0x000000008a700000|  0%| F|  |TAMS 0x000000008a600000| PB 0x000000008a600000| Untracked 
| 119|0x000000008a700000, 0x000000008a700000, 0x000000008a800000|  0%| F|  |TAMS 0x000000008a700000| PB 0x000000008a700000| Untracked 
| 120|0x000000008a800000, 0x000000008a800000, 0x000000008a900000|  0%| F|  |TAMS 0x000000008a800000| PB 0x000000008a800000| Untracked 
| 121|0x000000008a900000, 0x000000008a900000, 0x000000008aa00000|  0%| F|  |TAMS 0x000000008a900000| PB 0x000000008a900000| Untracked 
| 122|0x000000008aa00000, 0x000000008aac8bf0, 0x000000008ab00000| 78%| E|  |TAMS 0x000000008aa00000| PB 0x000000008aa00000| Complete 
| 123|0x000000008ab00000, 0x000000008ac00000, 0x000000008ac00000|100%| E|CS|TAMS 0x000000008ab00000| PB 0x000000008ab00000| Complete 
| 124|0x000000008ac00000, 0x000000008ad00000, 0x000000008ad00000|100%| E|CS|TAMS 0x000000008ac00000| PB 0x000000008ac00000| Complete 
| 125|0x000000008ad00000, 0x000000008ae00000, 0x000000008ae00000|100%| E|CS|TAMS 0x000000008ad00000| PB 0x000000008ad00000| Complete 

Card table byte_map: [0x000001dba10d0000,0x000001dba14c0000] _byte_map_base: 0x000001dba0cb8000

Marking Bits: (CMBitMap*) 0x000001db8bf94140
 Bits: [0x000001dba14c0000, 0x000001dba3400000)

Polling page: 0x000001db8c010000

Metaspace:

Usage:
  Non-class:      2.10 MB used.
      Class:    256.13 KB used.
       Both:      2.35 MB used.

Virtual space:
  Non-class space:       64.00 MB reserved,       2.19 MB (  3%) committed,  1 nodes.
      Class space:        1.00 GB reserved,     320.00 KB ( <1%) committed,  1 nodes.
             Both:        1.06 GB reserved,       2.50 MB ( <1%) committed. 

Chunk freelists:
   Non-Class:  11.91 MB
       Class:  15.73 MB
        Both:  27.64 MB

MaxMetaspaceSize: unlimited
CompressedClassSpaceSize: 1.00 GB
Initial GC threshold: 21.00 MB
Current GC threshold: 21.00 MB
CDS: on
 - commit_granule_bytes: 65536.
 - commit_granule_words: 8192.
 - virtual_space_node_default_size: 8388608.
 - enlarge_chunks_in_place: 1.
 - use_allocation_guard: 0.


Internal statistics:

num_allocs_failed_limit: 0.
num_arena_births: 10.
num_arena_deaths: 0.
num_vsnodes_births: 2.
num_vsnodes_deaths: 0.
num_space_committed: 40.
num_space_uncommitted: 0.
num_chunks_returned_to_freelist: 0.
num_chunks_taken_from_freelist: 19.
num_chunk_merges: 0.
num_chunk_splits: 13.
num_chunks_enlarged: 11.
num_inconsistent_stats: 0.

CodeHeap 'non-profiled nmethods': size=120000Kb used=88Kb max_used=88Kb free=119911Kb
 bounds [0x000001db99180000, 0x000001db993f0000, 0x000001dba06b0000]
CodeHeap 'profiled nmethods': size=120000Kb used=457Kb max_used=457Kb free=119542Kb
 bounds [0x000001db916b0000, 0x000001db91920000, 0x000001db98be0000]
CodeHeap 'non-nmethods': size=5760Kb used=1339Kb max_used=1346Kb free=4420Kb
 bounds [0x000001db98be0000, 0x000001db98e50000, 0x000001db99180000]
 total_blobs=770 nmethods=324 adapters=351
 compilation: enabled
              stopped_count=0, restarted_count=0
 full_count=0

Compilation events (20 events):
Event: 0.449 Thread 0x000001dba5a22390 nmethod 286 0x000001db91711d10 code [0x000001db91711f40, 0x000001db91712550]
Event: 0.454 Thread 0x000001dba5a22390  287       1       jdk.internal.util.WeakReferenceKey::hashCode (5 bytes)
Event: 0.454 Thread 0x000001dba5a22390 nmethod 287 0x000001db99195310 code [0x000001db991954a0, 0x000001db99195568]
Event: 0.454 Thread 0x000001dba5a22390  288       3       java.lang.invoke.MethodType::parameterCount (6 bytes)
Event: 0.455 Thread 0x000001dba5a22390 nmethod 288 0x000001db91712810 code [0x000001db917129a0, 0x000001db91712ab8]
Event: 0.455 Thread 0x000001dba5a22390  289       3       jdk.internal.org.objectweb.asm.ByteVector::putUTF8 (144 bytes)
Event: 0.456 Thread 0x000001dba5a22390 nmethod 289 0x000001db91712b90 code [0x000001db91712e00, 0x000001db91713880]
Event: 0.456 Thread 0x000001dba5a1b250  290       4       java.lang.StringLatin1::toUpperCase (186 bytes)
Event: 0.456 Thread 0x000001dba5a22390  291       3       java.lang.CharacterDataLatin1::toLowerCase (44 bytes)
Event: 0.457 Thread 0x000001dba5a22390 nmethod 291 0x000001db91713d90 code [0x000001db91713f40, 0x000001db917141a8]
Event: 0.457 Thread 0x000001dba5a22390  292       3       java.lang.ref.Reference::<init> (25 bytes)
Event: 0.457 Thread 0x000001dba5a22390 nmethod 292 0x000001db91714210 code [0x000001db917143c0, 0x000001db91714630]
Event: 0.458 Thread 0x000001dba5a22390  293       3       java.lang.Character::charCount (12 bytes)
Event: 0.459 Thread 0x000001dba5a22390 nmethod 293 0x000001db91714710 code [0x000001db917148c0, 0x000001db91714a20]
Event: 0.459 Thread 0x000001dba5a22390  294       3       java.util.regex.Pattern::peek (26 bytes)
Event: 0.459 Thread 0x000001dba5a22390 nmethod 294 0x000001db91714a90 code [0x000001db91714c40, 0x000001db91714e98]
Event: 0.459 Thread 0x000001dba5a22390  295       3       java.util.regex.Pattern::append (43 bytes)
Event: 0.459 Thread 0x000001dba5a22390 nmethod 295 0x000001db91714f90 code [0x000001db91715180, 0x000001db91715558]
Event: 0.459 Thread 0x000001dba5a22390  296       3       java.util.regex.Pattern::next (33 bytes)
Event: 0.460 Thread 0x000001dba5a22390 nmethod 296 0x000001db91715710 code [0x000001db917158c0, 0x000001db91715b18]

GC Heap History (0 events):
No events

Dll operation events (2 events):
Event: 0.012 Loaded shared library C:\Program Files\JetBrains\new\PyCharm Community Edition 2024.3\jbr\bin\java.dll
Event: 0.077 Loaded shared library C:\Program Files\JetBrains\new\PyCharm Community Edition 2024.3\jbr\bin\zip.dll

Deoptimization events (4 events):
Event: 0.415 Thread 0x000001db8bf43450 Uncommon trap: trap_request=0xffffff45 fr.pc=0x000001db99193714 relative=0x0000000000000074
Event: 0.415 Thread 0x000001db8bf43450 Uncommon trap: reason=unstable_if action=reinterpret pc=0x000001db99193714 method=java.lang.CharacterDataLatin1.toLowerCase(I)I @ 16 c2
Event: 0.415 Thread 0x000001db8bf43450 DEOPT PACKING pc=0x000001db99193714 sp=0x0000009e209fb1d0
Event: 0.415 Thread 0x000001db8bf43450 DEOPT UNPACKING pc=0x000001db98c346a2 sp=0x0000009e209fb160 mode 2

Classes loaded (20 events):
Event: 0.452 Loading class sun/security/ssl/SSLCipher$T11BlockWriteCipherGenerator
Event: 0.453 Loading class sun/security/ssl/SSLCipher$T11BlockWriteCipherGenerator done
Event: 0.453 Loading class javax/crypto/JceSecurityManager
Event: 0.453 Loading class javax/crypto/JceSecurityManager done
Event: 0.455 Loading class java/lang/StackWalker$Option
Event: 0.455 Loading class java/lang/StackWalker$Option done
Event: 0.456 Loading class java/util/Vector$1
Event: 0.456 Loading class java/util/Vector$1 done
Event: 0.456 Loading class com/sun/crypto/provider/DESedeCipher
Event: 0.457 Loading class com/sun/crypto/provider/DESedeCipher done
Event: 0.457 Loading class com/sun/crypto/provider/DESedeCrypt
Event: 0.457 Loading class com/sun/crypto/provider/DESedeCrypt done
Event: 0.459 Loading class com/sun/crypto/provider/AESCipher$General
Event: 0.459 Loading class com/sun/crypto/provider/AESCipher
Event: 0.459 Loading class com/sun/crypto/provider/AESCipher done
Event: 0.459 Loading class com/sun/crypto/provider/AESCipher$General done
Event: 0.460 Loading class com/sun/crypto/provider/AESCrypt
Event: 0.460 Loading class com/sun/crypto/provider/AESConstants
Event: 0.460 Loading class com/sun/crypto/provider/AESConstants done
Event: 0.461 Loading class com/sun/crypto/provider/AESCrypt done

Classes unloaded (0 events):
No events

Classes redefined (0 events):
No events

Internal exceptions (1 events):
Event: 0.413 Thread 0x000001db8bf43450 Exception <a 'sun/nio/fs/WindowsException'{0x000000008aa19058}> (0x000000008aa19058) 
thrown [s\src\hotspot\share\prims\jni.cpp, line 535]

ZGC Phase Switch (0 events):
No events

VM Operations (4 events):
Event: 0.200 Executing VM operation: HandshakeAllThreads (Deoptimize)
Event: 0.200 Executing VM operation: HandshakeAllThreads (Deoptimize) done
Event: 0.229 Executing VM operation: HandshakeAllThreads (Deoptimize)
Event: 0.229 Executing VM operation: HandshakeAllThreads (Deoptimize) done

Memory protections (0 events):
No events

Nmethod flushes (0 events):
No events

Events (15 events):
Event: 0.048 Thread 0x000001db8bf43450 Thread added: 0x000001db8bf43450
Event: 0.095 Thread 0x000001db8bf43450 Thread added: 0x000001dba5a11330
Event: 0.096 Thread 0x000001db8bf43450 Thread added: 0x000001dba5a14050
Event: 0.097 Thread 0x000001db8bf43450 Thread added: 0x000001dba5a175d0
Event: 0.097 Thread 0x000001db8bf43450 Thread added: 0x000001dba5a18020
Event: 0.098 Thread 0x000001db8bf43450 Thread added: 0x000001dba5a18a70
Event: 0.098 Thread 0x000001db8bf43450 Thread added: 0x000001dba5a1a4d0
Event: 0.098 Thread 0x000001db8bf43450 Thread added: 0x000001dba5a1b250
Event: 0.099 Thread 0x000001db8bf43450 Thread added: 0x000001dba5a22390
Event: 0.158 Thread 0x000001db8bf43450 Thread added: 0x000001dbeb0e0a10
Event: 0.166 Thread 0x000001db8bf43450 Thread added: 0x000001dbeb0e7250
Event: 0.175 Loaded shared library C:\Program Files\JetBrains\new\PyCharm Community Edition 2024.3\jbr\bin\net.dll
Event: 0.180 Loaded shared library C:\Program Files\JetBrains\new\PyCharm Community Edition 2024.3\jbr\bin\nio.dll
Event: 0.191 Loaded shared library C:\Program Files\JetBrains\new\PyCharm Community Edition 2024.3\jbr\bin\zip.dll
Event: 0.322 Loaded shared library C:\Program Files\JetBrains\new\PyCharm Community Edition 2024.3\jbr\bin\jimage.dll


Dynamic libraries:
0x00007ff77e8d0000 - 0x00007ff77e8da000 	C:\Program Files\JetBrains\new\PyCharm Community Edition 2024.3\jbr\bin\java.exe
0x00007ffcc5ba0000 - 0x00007ffcc5da1000 	C:\Windows\SYSTEM32\ntdll.dll
0x00007ffcc50e0000 - 0x00007ffcc519e000 	C:\Windows\System32\KERNEL32.DLL
0x00007ffcc3120000 - 0x00007ffcc3490000 	C:\Windows\System32\KERNELBASE.dll
0x00007ffcc3540000 - 0x00007ffcc3650000 	C:\Windows\System32\ucrtbase.dll
0x00007ffcb03d0000 - 0x00007ffcb03e8000 	C:\Program Files\JetBrains\new\PyCharm Community Edition 2024.3\jbr\bin\jli.dll
0x00007ffcb1570000 - 0x00007ffcb158b000 	C:\Program Files\JetBrains\new\PyCharm Community Edition 2024.3\jbr\bin\VCRUNTIME140.dll
0x00007ffcc58b0000 - 0x00007ffcc5a55000 	C:\Windows\System32\USER32.dll
0x00007ffcc3510000 - 0x00007ffcc3536000 	C:\Windows\System32\win32u.dll
0x00007ffcc5b10000 - 0x00007ffcc5b3c000 	C:\Windows\System32\GDI32.dll
0x00007ffcc3980000 - 0x00007ffcc3a9b000 	C:\Windows\System32\gdi32full.dll
0x00007ffcc38e0000 - 0x00007ffcc3980000 	C:\Windows\System32\msvcp_win.dll
0x00007ffcaab30000 - 0x00007ffcaadd5000 	C:\Windows\WinSxS\amd64_microsoft.windows.common-controls_6595b64144ccf1df_6.0.20348.2849_none_947683b1eef1cae2\COMCTL32.dll
0x00007ffcc5a60000 - 0x00007ffcc5b03000 	C:\Windows\System32\msvcrt.dll
0x00007ffcc41b0000 - 0x00007ffcc41e1000 	C:\Windows\System32\IMM32.DLL
0x00007ffcb3760000 - 0x00007ffcb376c000 	C:\Program Files\JetBrains\new\PyCharm Community Edition 2024.3\jbr\bin\vcruntime140_1.dll
0x00007ffca1ff0000 - 0x00007ffca207d000 	C:\Program Files\JetBrains\new\PyCharm Community Edition 2024.3\jbr\bin\msvcp140.dll
0x00007ffca2710000 - 0x00007ffca34d1000 	C:\Program Files\JetBrains\new\PyCharm Community Edition 2024.3\jbr\bin\server\jvm.dll
0x00007ffcc4060000 - 0x00007ffcc4111000 	C:\Windows\System32\ADVAPI32.dll
0x00007ffcc41f0000 - 0x00007ffcc4292000 	C:\Windows\System32\sechost.dll
0x00007ffcc3aa0000 - 0x00007ffcc3ac7000 	C:\Windows\System32\bcrypt.dll
0x00007ffcc5620000 - 0x00007ffcc573e000 	C:\Windows\System32\RPCRT4.dll
0x00007ffcc4130000 - 0x00007ffcc41a1000 	C:\Windows\System32\WS2_32.dll
0x00007ffcc2fe0000 - 0x00007ffcc302d000 	C:\Windows\SYSTEM32\POWRPROF.dll
0x00007ffcad4e0000 - 0x00007ffcad507000 	C:\Windows\SYSTEM32\WINMM.dll
0x00007ffcb6770000 - 0x00007ffcb677a000 	C:\Windows\SYSTEM32\VERSION.dll
0x00007ffcc2fc0000 - 0x00007ffcc2fd3000 	C:\Windows\SYSTEM32\UMPDC.dll
0x00007ffcc1a50000 - 0x00007ffcc1a67000 	C:\Windows\SYSTEM32\kernel.appcore.dll
0x00007ffcb22b0000 - 0x00007ffcb22ba000 	C:\Program Files\JetBrains\new\PyCharm Community Edition 2024.3\jbr\bin\jimage.dll
0x00007ffcb3e40000 - 0x00007ffcb4051000 	C:\Windows\SYSTEM32\DBGHELP.DLL
0x00007ffcb3c90000 - 0x00007ffcb3cc0000 	C:\Windows\SYSTEM32\dbgcore.DLL
0x00007ffcc3490000 - 0x00007ffcc350f000 	C:\Windows\System32\bcryptPrimitives.dll
0x00007ffcb1510000 - 0x00007ffcb1530000 	C:\Program Files\JetBrains\new\PyCharm Community Edition 2024.3\jbr\bin\java.dll
0x00007ffcc4980000 - 0x00007ffcc50da000 	C:\Windows\System32\SHELL32.dll
0x00007ffcb7250000 - 0x00007ffcb7a93000 	C:\Windows\SYSTEM32\windows.storage.dll
0x00007ffcc52b0000 - 0x00007ffcc5620000 	C:\Windows\System32\combase.dll
0x00007ffcc44c0000 - 0x00007ffcc45aa000 	C:\Windows\System32\SHCORE.dll
0x00007ffcc57a0000 - 0x00007ffcc57ff000 	C:\Windows\System32\shlwapi.dll
0x00007ffcc3050000 - 0x00007ffcc3071000 	C:\Windows\SYSTEM32\profapi.dll
0x00007ffcb14b0000 - 0x00007ffcb14c8000 	C:\Program Files\JetBrains\new\PyCharm Community Edition 2024.3\jbr\bin\zip.dll
0x00007ffcb1690000 - 0x00007ffcb16a0000 	C:\Program Files\JetBrains\new\PyCharm Community Edition 2024.3\jbr\bin\net.dll
0x00007ffcb9d30000 - 0x00007ffcb9e38000 	C:\Windows\SYSTEM32\WINHTTP.dll
0x00007ffcc2620000 - 0x00007ffcc2688000 	C:\Windows\system32\mswsock.dll
0x00007ffcb12e0000 - 0x00007ffcb12f6000 	C:\Program Files\JetBrains\new\PyCharm Community Edition 2024.3\jbr\bin\nio.dll

dbghelp: loaded successfully - version: 4.0.5 - missing functions: none
symbol engine: initialized successfully - sym options: 0x614 - pdb path: .;C:\Program Files\JetBrains\new\PyCharm Community Edition 2024.3\jbr\bin;C:\Windows\SYSTEM32;C:\Windows\WinSxS\amd64_microsoft.windows.common-controls_6595b64144ccf1df_6.0.20348.2849_none_947683b1eef1cae2;C:\Program Files\JetBrains\new\PyCharm Community Edition 2024.3\jbr\bin\server

VM Arguments:
java_command: git4idea.http.GitAskPassApp Password for 'https://rajkonkret@github.com': 
java_class_path (initial): C:/Program Files/JetBrains/new/PyCharm Community Edition 2024.3/plugins/vcs-git/lib/git4idea-rt.jar;C:/Program Files/JetBrains/new/PyCharm Community Edition 2024.3/lib/externalProcess-rt.jar
Launcher Type: SUN_STANDARD

[Global flags]
     intx CICompilerCount                          = 3                                         {product} {ergonomic}
     uint ConcGCThreads                            = 1                                         {product} {ergonomic}
     uint G1ConcRefinementThreads                  = 4                                         {product} {ergonomic}
   size_t G1HeapRegionSize                         = 1048576                                   {product} {ergonomic}
    uintx GCDrainStackTargetSize                   = 64                                        {product} {ergonomic}
   size_t InitialHeapSize                          = 132120576                                 {product} {ergonomic}
   size_t MarkStackSize                            = 4194304                                   {product} {ergonomic}
   size_t MaxHeapSize                              = 2097152000                                {product} {ergonomic}
   size_t MaxNewSize                               = 1258291200                                {product} {ergonomic}
   size_t MinHeapDeltaBytes                        = 1048576                                   {product} {ergonomic}
   size_t MinHeapSize                              = 8388608                                   {product} {ergonomic}
    uintx NonNMethodCodeHeapSize                   = 5832780                                {pd product} {ergonomic}
    uintx NonProfiledCodeHeapSize                  = 122912730                              {pd product} {ergonomic}
    uintx ProfiledCodeHeapSize                     = 122912730                              {pd product} {ergonomic}
    uintx ReservedCodeCacheSize                    = 251658240                              {pd product} {ergonomic}
     bool SegmentedCodeCache                       = true                                      {product} {ergonomic}
   size_t SoftMaxHeapSize                          = 2097152000                             {manageable} {ergonomic}
     bool UseCompressedOops                        = true                           {product lp64_product} {ergonomic}
     bool UseG1GC                                  = true                                      {product} {ergonomic}
     bool UseLargePagesIndividualAllocation        = false                                  {pd product} {ergonomic}

Logging:
Log output configuration:
 #0: stdout all=warning uptime,level,tags foldmultilines=false
 #1: stderr all=off uptime,level,tags foldmultilines=false

Environment Variables:
PATH=C:\Program Files\Git\mingw64\libexec\git-core;C:\Program Files\Git\mingw64\libexec\git-core;C:\Program Files\Git\mingw64\bin;C:\Program Files\Git\usr\bin;C:\Users\Administrator\bin;C:\Users\Administrator\PycharmProjects\bootcamp16_11_2024\.venv\Scripts;C:\Program Files\Python312\Scripts;C:\Program Files\Python312;C:\Program Files\Python313\Scripts;C:\Program Files\Python313;C:\Windows\system32;C:\Windows;C:\Windows\System32\Wbem;C:\Windows\System32\WindowsPowerShell\v1.0;C:\Windows\System32\OpenSSH;C:\Program Files\Git\cmd;C:\Program Files\Docker\Docker\resources\bin;C:\Program Files\OpenSSL-Win64\bin;C:\Users\Administrator\AppData\Local\Microsoft\WindowsApps;C:\Program Files\JetBrains\new\PyCharm Community Edition 2024.3\bin;C:\Users\Administrator\AppData\Local\Programs\Microsoft VS Code\bin
USERNAME=Administrator
DISPLAY=:0.0
LC_ALL=en_US.UTF-8
TERM=xterm-256color
TMPDIR=C:\Users\ADMINI~1\AppData\Local\Temp\2
OS=Windows_NT
PROCESSOR_IDENTIFIER=Intel64 Family 6 Model 60 Stepping 1, GenuineIntel
TMP=C:\Users\ADMINI~1\AppData\Local\Temp\2
TEMP=C:\Users\ADMINI~1\AppData\Local\Temp\2




Periodic native trim disabled

JNI global refs:
JNI global refs: 8, weak refs: 0

JNI global refs memory usage: 835, weak refs: 201

Process memory usage:
Resident Set Size: 45404K (0% of 8191456K total physical memory with 393216K free physical memory)

OOME stack traces (most recent first):
Classloader memory used:
Loader bootstrap                                                                       : 2327K
Loader jdk.internal.loader.ClassLoaders$PlatformClassLoader                            : 75184B
Loader jdk.internal.loader.ClassLoaders$AppClassLoader                                 : 16400B

---------------  S Y S T E M  ---------------

OS:
 Windows Server 2022 , 64 bit Build 20348 (10.0.20348.2849)
OS uptime: 48 days 4:07 hours
Hyper-V role detected

CPU: total 4 (initial active 4) (1 cores per cpu, 1 threads per core) family 6 model 60 stepping 1 microcode 0x1, cx8, cmov, fxsr, mmx, sse, sse2, sse3, ssse3, sse4.1, sse4.2, popcnt, lzcnt, tsc, avx, avx2, aes, erms, clmul, bmi1, bmi2, fma, vzeroupper, clflush, hv, rdtscp, f16c
Processor Information for all 4 processors :
  Max Mhz: 2394, Current Mhz: 2394, Mhz Limit: 2394

Memory: 4k page, system-wide physical 7999M (384M free)
TotalPageFile size 8511M (AvailPageFile size 4M)
current process WorkingSet (physical memory assigned to process): 44M, peak: 44M
current process commit charge ("private bytes"): 201M, peak: 202M

vm_info: OpenJDK 64-Bit Server VM (21.0.5+8-b631.30) for windows-amd64 JRE (21.0.5+8-b631.30), built on 2024-12-06 by "builduser" with MS VC++ 16.10 / 16.11 (VS2019)

END.
