#
# There is insufficient memory for the Java Runtime Environment to continue.
# Native memory allocation (mmap) failed to map 132120576 bytes. Error detail: G1 virtual space
# Possible reasons:
#   The system is out of physical RAM or swap space
#   This process is running with CompressedOops enabled, and the Java Heap may be blocking the growth of the native heap
# Possible solutions:
#   Reduce memory load on the system
#   Increase physical memory or swap space
#   Check if swap backing store is full
#   Decrease Java heap size (-Xmx/-Xms)
#   Decrease number of Java threads
#   Decrease Java thread stack sizes (-Xss)
#   Set larger code cache with -XX:ReservedCodeCacheSize=
#   JVM is running with Unscaled Compressed Oops mode in which the Java heap is
#     placed in the first 4GB address space. The Java Heap base address is the
#     maximum limit for the native heap growth. Please use -XX:HeapBaseMinAddress
#     to set the Java Heap base and to place the Java Heap above 4GB virtual address.
# This output file may be truncated or incomplete.
#
#  Out of Memory Error (os_windows.cpp:3828), pid=7956, tid=8888
#
# JRE version:  (21.0.5+8) (build )
# Java VM: OpenJDK 64-Bit Server VM (21.0.5+8-b631.16, mixed mode, sharing, tiered, compressed oops, compressed class ptrs, g1 gc, windows-amd64)
# Core dump will be written. Default location: C:\Users\Administrator\PycharmProjects\bootcamp16_11_2024\hs_err_pid7956.mdmp
#

---------------  S U M M A R Y ------------

Command Line: git4idea.http.GitAskPassApp Username for 'https://github.com': 

Host: Intel Core Processor (Haswell, no TSX), 4 cores, 7G,  Windows Server 2022 , 64 bit Build 20348 (10.0.20348.2849)
Time: Sun Jan 26 12:11:13 2025 Central European Standard Time elapsed time: 0.028663 seconds (0d 0h 0m 0s)

---------------  T H R E A D  ---------------

Current thread (0x000002dbfed83540):  JavaThread "Unknown thread" [_thread_in_vm, id=8888, stack(0x000000f239900000,0x000000f239a00000) (1024K)]

Stack: [0x000000f239900000,0x000000f239a00000]
Native frames: (J=compiled Java code, j=interpreted, Vv=VM code, C=native code)
V  [jvm.dll+0x6e52b9]
V  [jvm.dll+0x8c3633]
V  [jvm.dll+0x8c5b8e]
V  [jvm.dll+0x8c6273]
V  [jvm.dll+0x288f46]
V  [jvm.dll+0x6e1a35]
V  [jvm.dll+0x6d5e3a]
V  [jvm.dll+0x3634bb]
V  [jvm.dll+0x36b086]
V  [jvm.dll+0x3bd346]
V  [jvm.dll+0x3bd618]
V  [jvm.dll+0x335c2c]
V  [jvm.dll+0x33691b]
V  [jvm.dll+0x88aa89]
V  [jvm.dll+0x3ca518]
V  [jvm.dll+0x873b98]
V  [jvm.dll+0x45eede]
V  [jvm.dll+0x460bc1]
C  [jli.dll+0x52ab]
C  [ucrtbase.dll+0x26b4c]
C  [KERNEL32.DLL+0x14cb0]
C  [ntdll.dll+0x7edcb]


---------------  P R O C E S S  ---------------

Threads class SMR info:
_java_thread_list=0x00007ffc9a87a148, length=0, elements={
}

Java Threads: ( => current thread )
Total: 0

Other Threads:
  0x000002dbfedd3b20 WorkerThread "GC Thread#0"                     [id=6212, stack(0x000000f239a00000,0x000000f239b00000) (1024K)]
  0x000002dbfede46b0 ConcurrentGCThread "G1 Main Marker"            [id=504, stack(0x000000f239b00000,0x000000f239c00000) (1024K)]
  0x000002dbfede6160 WorkerThread "G1 Conc#0"                       [id=80, stack(0x000000f239c00000,0x000000f239d00000) (1024K)]

[error occurred during error reporting (printing all threads), id 0xc0000005, EXCEPTION_ACCESS_VIOLATION (0xc0000005) at pc=0x00007ffc99f68ce7]
VM state: not at safepoint (not fully initialized)

VM Mutex/Monitor currently owned by a thread:  ([mutex/lock_event])
[0x00007ffc9a8eeb30] Heap_lock - owner thread: 0x000002dbfed83540

Heap address: 0x0000000083000000, size: 2000 MB, Compressed Oops mode: 32-bit

CDS archive(s) mapped at: [0x0000000000000000-0x0000000000000000-0x0000000000000000), size 0, SharedBaseAddress: 0x0000000800000000, ArchiveRelocationMode: 1.
Narrow klass base: 0x0000000000000000, Narrow klass shift: 0, Narrow klass range: 0x0

GC Precious Log:
 CardTable entry size: 512
 Card Set container configuration: InlinePtr #cards 5 size 8 Array Of Cards #cards 12 size 40 Howl #buckets 4 coarsen threshold 1843 Howl Bitmap #cards 512 size 80 coarsen threshold 460 Card regions per heap region 1 cards per card region 2048

Heap:
 garbage-first heap   total 0K, used 0K [0x0000000083000000, 0x0000000100000000)
  region size 1024K, 0 young (0K), 0 survivors (0K)
 Metaspace       used 0K, committed 0K, reserved 0K
  class space    used 0K, committed 0K, reserved 0K

Heap Regions: E=young(eden), S=young(survivor), O=old, HS=humongous(starts), HC=humongous(continues), CS=collection set, F=free, TAMS=top-at-mark-start, PB=parsable bottom

Card table byte_map: [0x000002dbff240000,0x000002dbff630000] _byte_map_base: 0x000002dbfee28000

Marking Bits: (CMBitMap*) 0x000002dbfedd4220
 Bits: [0x000002db92ed0000, 0x000002db94e10000)

GC Heap History (0 events):
No events

Dll operation events (1 events):
Event: 0.013 Loaded shared library C:\Program Files\JetBrains\new\PyCharm Community Edition 2024.3\jbr\bin\java.dll

Deoptimization events (0 events):
No events

Classes loaded (0 events):
No events

Classes unloaded (0 events):
No events

Classes redefined (0 events):
No events

Internal exceptions (0 events):
No events

ZGC Phase Switch (0 events):
No events

VM Operations (0 events):
No events

Memory protections (0 events):
No events

Nmethod flushes (0 events):
No events

Events (0 events):
No events


Dynamic libraries:
0x00007ff73bb70000 - 0x00007ff73bb7a000 	C:\Program Files\JetBrains\new\PyCharm Community Edition 2024.3\jbr\bin\java.exe
0x00007ffcc5ba0000 - 0x00007ffcc5da1000 	C:\Windows\SYSTEM32\ntdll.dll
0x00007ffcc50e0000 - 0x00007ffcc519e000 	C:\Windows\System32\KERNEL32.DLL
0x00007ffcc3120000 - 0x00007ffcc3490000 	C:\Windows\System32\KERNELBASE.dll
0x00007ffcc3540000 - 0x00007ffcc3650000 	C:\Windows\System32\ucrtbase.dll
0x00007ffcb6c10000 - 0x00007ffcb6c2b000 	C:\Program Files\JetBrains\new\PyCharm Community Edition 2024.3\jbr\bin\VCRUNTIME140.dll
0x00007ffc955c0000 - 0x00007ffc955d8000 	C:\Program Files\JetBrains\new\PyCharm Community Edition 2024.3\jbr\bin\jli.dll
0x00007ffcc58b0000 - 0x00007ffcc5a55000 	C:\Windows\System32\USER32.dll
0x00007ffcc3510000 - 0x00007ffcc3536000 	C:\Windows\System32\win32u.dll
0x00007ffcc5b10000 - 0x00007ffcc5b3c000 	C:\Windows\System32\GDI32.dll
0x00007ffcc3980000 - 0x00007ffcc3a9b000 	C:\Windows\System32\gdi32full.dll
0x00007ffcaab30000 - 0x00007ffcaadd5000 	C:\Windows\WinSxS\amd64_microsoft.windows.common-controls_6595b64144ccf1df_6.0.20348.2849_none_947683b1eef1cae2\COMCTL32.dll
0x00007ffcc38e0000 - 0x00007ffcc3980000 	C:\Windows\System32\msvcp_win.dll
0x00007ffcc5a60000 - 0x00007ffcc5b03000 	C:\Windows\System32\msvcrt.dll
0x00007ffcc41b0000 - 0x00007ffcc41e1000 	C:\Windows\System32\IMM32.DLL
0x00007ffcb7e10000 - 0x00007ffcb7e1c000 	C:\Program Files\JetBrains\new\PyCharm Community Edition 2024.3\jbr\bin\vcruntime140_1.dll
0x00007ffc8ec60000 - 0x00007ffc8eced000 	C:\Program Files\JetBrains\new\PyCharm Community Edition 2024.3\jbr\bin\msvcp140.dll
0x00007ffc99c20000 - 0x00007ffc9a9e1000 	C:\Program Files\JetBrains\new\PyCharm Community Edition 2024.3\jbr\bin\server\jvm.dll
0x00007ffcc4060000 - 0x00007ffcc4111000 	C:\Windows\System32\ADVAPI32.dll
0x00007ffcc41f0000 - 0x00007ffcc4292000 	C:\Windows\System32\sechost.dll
0x00007ffcc3aa0000 - 0x00007ffcc3ac7000 	C:\Windows\System32\bcrypt.dll
0x00007ffcc5620000 - 0x00007ffcc573e000 	C:\Windows\System32\RPCRT4.dll
0x00007ffcc4130000 - 0x00007ffcc41a1000 	C:\Windows\System32\WS2_32.dll
0x00007ffcc2fe0000 - 0x00007ffcc302d000 	C:\Windows\SYSTEM32\POWRPROF.dll
0x00007ffcad4e0000 - 0x00007ffcad507000 	C:\Windows\SYSTEM32\WINMM.dll
0x00007ffcb6770000 - 0x00007ffcb677a000 	C:\Windows\SYSTEM32\VERSION.dll
0x00007ffcc2fc0000 - 0x00007ffcc2fd3000 	C:\Windows\SYSTEM32\UMPDC.dll
0x00007ffcc1a50000 - 0x00007ffcc1a67000 	C:\Windows\SYSTEM32\kernel.appcore.dll
0x00007ffcb6ca0000 - 0x00007ffcb6caa000 	C:\Program Files\JetBrains\new\PyCharm Community Edition 2024.3\jbr\bin\jimage.dll
0x00007ffcb3e40000 - 0x00007ffcb4051000 	C:\Windows\SYSTEM32\DBGHELP.DLL
0x00007ffcb3c90000 - 0x00007ffcb3cc0000 	C:\Windows\SYSTEM32\dbgcore.DLL
0x00007ffcc3490000 - 0x00007ffcc350f000 	C:\Windows\System32\bcryptPrimitives.dll
0x00007ffcb2640000 - 0x00007ffcb2660000 	C:\Program Files\JetBrains\new\PyCharm Community Edition 2024.3\jbr\bin\java.dll

dbghelp: loaded successfully - version: 4.0.5 - missing functions: none
symbol engine: initialized successfully - sym options: 0x614 - pdb path: .;C:\Program Files\JetBrains\new\PyCharm Community Edition 2024.3\jbr\bin;C:\Windows\SYSTEM32;C:\Windows\WinSxS\amd64_microsoft.windows.common-controls_6595b64144ccf1df_6.0.20348.2849_none_947683b1eef1cae2;C:\Program Files\JetBrains\new\PyCharm Community Edition 2024.3\jbr\bin\server

VM Arguments:
java_command: git4idea.http.GitAskPassApp Username for 'https://github.com': 
java_class_path (initial): C:/Program Files/JetBrains/new/PyCharm Community Edition 2024.3/plugins/vcs-git/lib/git4idea-rt.jar;C:/Program Files/JetBrains/new/PyCharm Community Edition 2024.3/lib/externalProcess-rt.jar
Launcher Type: SUN_STANDARD

[Global flags]
     intx CICompilerCount                          = 3                                         {product} {ergonomic}
     uint ConcGCThreads                            = 1                                         {product} {ergonomic}
     uint G1ConcRefinementThreads                  = 4                                         {product} {ergonomic}
   size_t G1HeapRegionSize                         = 1048576                                   {product} {ergonomic}
    uintx GCDrainStackTargetSize                   = 64                                        {product} {ergonomic}
   size_t InitialHeapSize                          = 132120576                                 {product} {ergonomic}
   size_t MarkStackSize                            = 4194304                                   {product} {ergonomic}
   size_t MaxHeapSize                              = 2097152000                                {product} {ergonomic}
   size_t MinHeapDeltaBytes                        = 1048576                                   {product} {ergonomic}
   size_t MinHeapSize                              = 8388608                                   {product} {ergonomic}
    uintx NonNMethodCodeHeapSize                   = 5832780                                {pd product} {ergonomic}
    uintx NonProfiledCodeHeapSize                  = 122912730                              {pd product} {ergonomic}
    uintx ProfiledCodeHeapSize                     = 122912730                              {pd product} {ergonomic}
    uintx ReservedCodeCacheSize                    = 251658240                              {pd product} {ergonomic}
     bool SegmentedCodeCache                       = true                                      {product} {ergonomic}
   size_t SoftMaxHeapSize                          = 2097152000                             {manageable} {ergonomic}
     bool UseCompressedOops                        = true                           {product lp64_product} {ergonomic}
     bool UseG1GC                                  = true                                      {product} {ergonomic}
     bool UseLargePagesIndividualAllocation        = false                                  {pd product} {ergonomic}

Logging:
Log output configuration:
 #0: stdout all=warning uptime,level,tags foldmultilines=false
 #1: stderr all=off uptime,level,tags foldmultilines=false

Environment Variables:
PATH=C:\Program Files\Git\mingw64\libexec\git-core;C:\Program Files\Git\mingw64\libexec\git-core;C:\Program Files\Git\mingw64\bin;C:\Program Files\Git\usr\bin;C:\Users\Administrator\bin;C:\Users\Administrator\PycharmProjects\bootcamp16_11_2024\.venv\Scripts;C:\Program Files\Python312\Scripts;C:\Program Files\Python312;C:\Program Files\Python313\Scripts;C:\Program Files\Python313;C:\Windows\system32;C:\Windows;C:\Windows\System32\Wbem;C:\Windows\System32\WindowsPowerShell\v1.0;C:\Windows\System32\OpenSSH;C:\Program Files\Git\cmd;C:\Program Files\Docker\Docker\resources\bin;C:\Users\Administrator\AppData\Local\Microsoft\WindowsApps;C:\Program Files\JetBrains\new\PyCharm Community Edition 2024.3\bin;C:\Users\Administrator\AppData\Local\Programs\Microsoft VS Code\bin
USERNAME=Administrator
DISPLAY=:0.0
LC_ALL=en_US.UTF-8
TERM=xterm-256color
TMPDIR=C:\Users\ADMINI~1\AppData\Local\Temp\2
OS=Windows_NT
PROCESSOR_IDENTIFIER=Intel64 Family 6 Model 60 Stepping 1, GenuineIntel
TMP=C:\Users\ADMINI~1\AppData\Local\Temp\2
TEMP=C:\Users\ADMINI~1\AppData\Local\Temp\2




Periodic native trim disabled

JNI global refs:
JNI global refs: 0, weak refs: 0

JNI global refs memory usage: 0, weak refs: 0

Process memory usage:
Resident Set Size: 10636K (0% of 8191456K total physical memory with 328612K free physical memory)

OOME stack traces (most recent first):
Classloader memory used:

---------------  S Y S T E M  ---------------

OS:
 Windows Server 2022 , 64 bit Build 20348 (10.0.20348.2849)
OS uptime: 6 days 4:29 hours
Hyper-V role detected

CPU: total 4 (initial active 4) (1 cores per cpu, 1 threads per core) family 6 model 60 stepping 1 microcode 0x1, cx8, cmov, fxsr, mmx, sse, sse2, sse3, ssse3, sse4.1, sse4.2, popcnt, lzcnt, tsc, avx, avx2, aes, erms, clmul, bmi1, bmi2, fma, vzeroupper, clflush, hv, rdtscp, f16c
Processor Information for all 4 processors :
  Max Mhz: 2394, Current Mhz: 2394, Mhz Limit: 2394

Memory: 4k page, system-wide physical 7999M (320M free)
TotalPageFile size 8511M (AvailPageFile size 116M)
current process WorkingSet (physical memory assigned to process): 10M, peak: 10M
current process commit charge ("private bytes"): 51M, peak: 177M

vm_info: OpenJDK 64-Bit Server VM (21.0.5+8-b631.16) for windows-amd64 JRE (21.0.5+8-b631.16), built on 2024-11-02 by "builduser" with MS VC++ 16.10 / 16.11 (VS2019)

END.
